c:\users\azmi\documents\github\test\meshviewer.dir\debug\face.obj
c:\users\azmi\documents\github\test\meshviewer.dir\debug\meshmodel.obj
c:\users\azmi\documents\github\test\meshviewer.dir\debug\imgui_impl_glfw.obj
c:\users\azmi\documents\github\test\meshviewer.dir\debug\imguimenus.obj
c:\users\azmi\documents\github\test\meshviewer.dir\debug\utils.obj
c:\users\azmi\documents\github\test\meshviewer.dir\debug\camera.obj
c:\users\azmi\documents\github\test\meshviewer.dir\debug\scene.obj
c:\users\azmi\documents\github\test\meshviewer.dir\debug\imgui_impl_opengl3.obj
c:\users\azmi\documents\github\test\meshviewer.dir\debug\initshader.obj
c:\users\azmi\documents\github\test\meshviewer.dir\debug\renderer.obj
c:\users\azmi\documents\github\test\meshviewer.dir\debug\main.obj
c:\users\azmi\documents\github\test\meshviewer.dir\debug\vc140.pdb
c:\users\azmi\documents\github\project-azmi\meshviewer.dir\debug\imguimenus.obj
c:\users\azmi\documents\github\project-azmi\meshviewer.dir\debug\renderer.obj
c:\users\azmi\documents\github\project-azmi\meshviewer.dir\debug\main.obj
c:\users\azmi\documents\github\project-azmi\meshviewer.dir\debug\meshmodel.obj
c:\users\azmi\documents\github\project-azmi\meshviewer.dir\debug\utils.obj
c:\users\azmi\documents\github\project-azmi\meshviewer.dir\debug\camera.obj
c:\users\azmi\documents\github\project-azmi\meshviewer.dir\debug\scene.obj
c:\users\azmi\documents\github\project-azmi\meshviewer.dir\debug\vc140.pdb
c:\users\azmi\documents\github\test\cmakefiles\generate.stamp
c:\users\azmi\documents\github\project-azmi\meshviewer.dir\debug\face.obj
c:\users\azmi\documents\github\project-azmi\meshviewer.dir\debug\imgui_impl_glfw.obj
c:\users\azmi\documents\github\project-azmi\meshviewer.dir\debug\imgui_impl_opengl3.obj
c:\users\azmi\documents\github\project-azmi\meshviewer.dir\debug\initshader.obj
c:\users\azmi\documents\github\test\bin\debug\meshviewer.pdb
c:\users\azmi\documents\github\project-azmi\meshviewer.dir\debug\meshviewer.tlog\cl.command.1.tlog
c:\users\azmi\documents\github\project-azmi\meshviewer.dir\debug\meshviewer.tlog\cl.read.1.tlog
c:\users\azmi\documents\github\project-azmi\meshviewer.dir\debug\meshviewer.tlog\cl.write.1.tlog
c:\users\azmi\documents\github\project-azmi\meshviewer.dir\debug\meshviewer.tlog\custombuild.command.1.tlog
c:\users\azmi\documents\github\project-azmi\meshviewer.dir\debug\meshviewer.tlog\custombuild.read.1.tlog
c:\users\azmi\documents\github\project-azmi\meshviewer.dir\debug\meshviewer.tlog\custombuild.write.1.tlog
c:\users\azmi\documents\github\project-azmi\meshviewer.dir\debug\meshviewer.tlog\link.7644-cvtres.read.1.tlog
c:\users\azmi\documents\github\project-azmi\meshviewer.dir\debug\meshviewer.tlog\link.7644-cvtres.write.1.tlog
c:\users\azmi\documents\github\project-azmi\meshviewer.dir\debug\meshviewer.tlog\link.7644-rc.read.1.tlog
c:\users\azmi\documents\github\project-azmi\meshviewer.dir\debug\meshviewer.tlog\link.7644-rc.write.1.tlog
c:\users\azmi\documents\github\project-azmi\meshviewer.dir\debug\meshviewer.tlog\link.7644.read.1.tlog
c:\users\azmi\documents\github\project-azmi\meshviewer.dir\debug\meshviewer.tlog\link.7644.write.1.tlog
c:\users\azmi\documents\github\project-azmi\meshviewer.dir\debug\meshviewer.tlog\link.command.1.tlog
c:\users\azmi\documents\github\project-azmi\meshviewer.dir\debug\meshviewer.tlog\link.read.1.tlog
c:\users\azmi\documents\github\project-azmi\meshviewer.dir\debug\meshviewer.tlog\link.write.1.tlog
